# JRE version: OpenJDK Runtime Environment (8.0_152-b02) (build 1.8.0_152-release-1024-b02)
# Java VM: OpenJDK 64-Bit Server VM (25.152-b02 mixed mode windows-amd64 compressed oops)
Heap:
 PSYoungGen      total 400384K, used 244568K [0x00000000e0000000, 0x00000000ffc80000, 0x0000000100000000)
  eden space 352256K, 66% used [0x00000000e0000000,0x00000000ee4d3d80,0x00000000f5800000)
  from space 48128K, 21% used [0x00000000f5800000,0x00000000f6202670,0x00000000f8700000)
  to   space 46592K, 0% used [0x00000000fcf00000,0x00000000fcf00000,0x00000000ffc80000)
 ParOldGen       total 204800K, used 81817K [0x00000000a0000000, 0x00000000ac800000, 0x00000000e0000000)
  object space 204800K, 39% used [0x00000000a0000000,0x00000000a4fe67c8,0x00000000ac800000)
 Metaspace       used 102070K, capacity 107048K, committed 107084K, reserved 1142784K
  class space    used 13087K, capacity 14192K, committed 14208K, reserved 1048576K
GC Heap History (10 events):
Event: 280.225 GC heap before
{Heap before GC invocations=25 (full 3):
 PSYoungGen      total 247296K, used 209415K [0x00000000e0000000, 0x00000000f6700000, 0x0000000100000000)
  eden space 203776K, 85% used [0x00000000e0000000,0x00000000ea9b7228,0x00000000ec700000)
  from space 43520K, 81% used [0x00000000ec700000,0x00000000ee9cad58,0x00000000ef180000)
  to   space 47104K, 0% used [0x00000000f3900000,0x00000000f3900000,0x00000000f6700000)
 ParOldGen       total 158720K, used 48103K [0x00000000a0000000, 0x00000000a9b00000, 0x00000000e0000000)
  object space 158720K, 30% used [0x00000000a0000000,0x00000000a2ef9f90,0x00000000a9b00000)
 Metaspace       used 94172K, capacity 98238K, committed 98380K, reserved 1134592K
  class space    used 12153K, capacity 13107K, committed 13184K, reserved 1048576K
Event: 280.444 GC heap after
Heap after GC invocations=25 (full 3):
 PSYoungGen      total 317440K, used 33080K [0x00000000e0000000, 0x00000000f6800000, 0x0000000100000000)
  eden space 270336K, 0% used [0x00000000e0000000,0x00000000e0000000,0x00000000f0800000)
  from space 47104K, 70% used [0x00000000f3900000,0x00000000f594e270,0x00000000f6700000)
  to   space 49152K, 0% used [0x00000000f0800000,0x00000000f0800000,0x00000000f3800000)
 ParOldGen       total 158720K, used 57126K [0x00000000a0000000, 0x00000000a9b00000, 0x00000000e0000000)
  object space 158720K, 35% used [0x00000000a0000000,0x00000000a37c98d8,0x00000000a9b00000)
 Metaspace       used 94172K, capacity 98238K, committed 98380K, reserved 1134592K
  class space    used 12153K, capacity 13107K, committed 13184K, reserved 1048576K
}
Event: 280.444 GC heap before
{Heap before GC invocations=26 (full 4):
 PSYoungGen      total 317440K, used 33080K [0x00000000e0000000, 0x00000000f6800000, 0x0000000100000000)
  eden space 270336K, 0% used [0x00000000e0000000,0x00000000e0000000,0x00000000f0800000)
  from space 47104K, 70% used [0x00000000f3900000,0x00000000f594e270,0x00000000f6700000)
  to   space 49152K, 0% used [0x00000000f0800000,0x00000000f0800000,0x00000000f3800000)
 ParOldGen       total 158720K, used 57126K [0x00000000a0000000, 0x00000000a9b00000, 0x00000000e0000000)
  object space 158720K, 35% used [0x00000000a0000000,0x00000000a37c98d8,0x00000000a9b00000)
 Metaspace       used 94172K, capacity 98238K, committed 98380K, reserved 1134592K
  class space    used 12153K, capacity 13107K, committed 13184K, reserved 1048576K
Event: 281.539 GC heap after
Heap after GC invocations=26 (full 4):
 PSYoungGen      total 317440K, used 0K [0x00000000e0000000, 0x00000000f6800000, 0x0000000100000000)
  eden space 270336K, 0% used [0x00000000e0000000,0x00000000e0000000,0x00000000f0800000)
  from space 47104K, 0% used [0x00000000f3900000,0x00000000f3900000,0x00000000f6700000)
  to   space 49152K, 0% used [0x00000000f0800000,0x00000000f0800000,0x00000000f3800000)
 ParOldGen       total 204800K, used 81801K [0x00000000a0000000, 0x00000000ac800000, 0x00000000e0000000)
  object space 204800K, 39% used [0x00000000a0000000,0x00000000a4fe27c8,0x00000000ac800000)
 Metaspace       used 94169K, capacity 98230K, committed 98380K, reserved 1134592K
  class space    used 12152K, capacity 13105K, committed 13184K, reserved 1048576K
}
Event: 324.435 GC heap before
{Heap before GC invocations=27 (full 4):
 PSYoungGen      total 317440K, used 269620K [0x00000000e0000000, 0x00000000f6800000, 0x0000000100000000)
  eden space 270336K, 99% used [0x00000000e0000000,0x00000000f074d2e0,0x00000000f0800000)
  from space 47104K, 0% used [0x00000000f3900000,0x00000000f3900000,0x00000000f6700000)
  to   space 49152K, 0% used [0x00000000f0800000,0x00000000f0800000,0x00000000f3800000)
 ParOldGen       total 204800K, used 81801K [0x00000000a0000000, 0x00000000ac800000, 0x00000000e0000000)
  object space 204800K, 39% used [0x00000000a0000000,0x00000000a4fe27c8,0x00000000ac800000)
 Metaspace       used 100550K, capacity 105142K, committed 105420K, reserved 1140736K
  class space    used 12933K, capacity 13967K, committed 14080K, reserved 1048576K
Event: 324.457 GC heap after
Heap after GC invocations=27 (full 4):
 PSYoungGen      total 319488K, used 5582K [0x00000000e0000000, 0x00000000fbd00000, 0x0000000100000000)
  eden space 270336K, 0% used [0x00000000e0000000,0x00000000e0000000,0x00000000f0800000)
  from space 49152K, 11% used [0x00000000f0800000,0x00000000f0d73890,0x00000000f3800000)
  to   space 49152K, 0% used [0x00000000f8d00000,0x00000000f8d00000,0x00000000fbd00000)
 ParOldGen       total 204800K, used 81801K [0x00000000a0000000, 0x00000000ac800000, 0x00000000e0000000)
  object space 204800K, 39% used [0x00000000a0000000,0x00000000a4fe27c8,0x00000000ac800000)
 Metaspace       used 100550K, capacity 105142K, committed 105420K, reserved 1140736K
  class space    used 12933K, capacity 13967K, committed 14080K, reserved 1048576K
}
Event: 3979.641 GC heap before
{Heap before GC invocations=28 (full 4):
 PSYoungGen      total 319488K, used 275918K [0x00000000e0000000, 0x00000000fbd00000, 0x0000000100000000)
  eden space 270336K, 100% used [0x00000000e0000000,0x00000000f0800000,0x00000000f0800000)
  from space 49152K, 11% used [0x00000000f0800000,0x00000000f0d73890,0x00000000f3800000)
  to   space 49152K, 0% used [0x00000000f8d00000,0x00000000f8d00000,0x00000000fbd00000)
 ParOldGen       total 204800K, used 81801K [0x00000000a0000000, 0x00000000ac800000, 0x00000000e0000000)
  object space 204800K, 39% used [0x00000000a0000000,0x00000000a4fe27c8,0x00000000ac800000)
 Metaspace       used 101713K, capacity 106666K, committed 106828K, reserved 1142784K
  class space    used 13081K, capacity 14183K, committed 14208K, reserved 1048576K
Event: 3984.035 GC heap after
Heap after GC invocations=28 (full 4):
 PSYoungGen      total 394240K, used 9639K [0x00000000e0000000, 0x00000000fb600000, 0x0000000100000000)
  eden space 352256K, 0% used [0x00000000e0000000,0x00000000e0000000,0x00000000f5800000)
  from space 41984K, 22% used [0x00000000f8d00000,0x00000000f9669f08,0x00000000fb600000)
  to   space 48128K, 0% used [0x00000000f5800000,0x00000000f5800000,0x00000000f8700000)
 ParOldGen       total 204800K, used 81817K [0x00000000a0000000, 0x00000000ac800000, 0x00000000e0000000)
  object space 204800K, 39% used [0x00000000a0000000,0x00000000a4fe67c8,0x00000000ac800000)
 Metaspace       used 101713K, capacity 106666K, committed 106828K, reserved 1142784K
  class space    used 13081K, capacity 14183K, committed 14208K, reserved 1048576K
}
Event: 3997.072 GC heap before
{Heap before GC invocations=29 (full 4):
 PSYoungGen      total 394240K, used 361522K [0x00000000e0000000, 0x00000000fb600000, 0x0000000100000000)
  eden space 352256K, 99% used [0x00000000e0000000,0x00000000f57a2910,0x00000000f5800000)
  from space 41984K, 22% used [0x00000000f8d00000,0x00000000f9669f08,0x00000000fb600000)
  to   space 48128K, 0% used [0x00000000f5800000,0x00000000f5800000,0x00000000f8700000)
 ParOldGen       total 204800K, used 81817K [0x00000000a0000000, 0x00000000ac800000, 0x00000000e0000000)
  object space 204800K, 39% used [0x00000000a0000000,0x00000000a4fe67c8,0x00000000ac800000)
 Metaspace       used 101949K, capacity 106898K, committed 107084K, reserved 1142784K
  class space    used 13085K, capacity 14189K, committed 14208K, reserved 1048576K
Event: 3997.250 GC heap after
Heap after GC invocations=29 (full 4):
 PSYoungGen      total 400384K, used 10249K [0x00000000e0000000, 0x00000000ffc80000, 0x0000000100000000)
  eden space 352256K, 0% used [0x00000000e0000000,0x00000000e0000000,0x00000000f5800000)
  from space 48128K, 21% used [0x00000000f5800000,0x00000000f6202670,0x00000000f8700000)
  to   space 46592K, 0% used [0x00000000fcf00000,0x00000000fcf00000,0x00000000ffc80000)
 ParOldGen       total 204800K, used 81817K [0x00000000a0000000, 0x00000000ac800000, 0x00000000e0000000)
  object space 204800K, 39% used [0x00000000a0000000,0x00000000a4fe67c8,0x00000000ac800000)
 Metaspace       used 101949K, capacity 106898K, committed 107084K, reserved 1142784K
  class space    used 13085K, capacity 14189K, committed 14208K, reserved 1048576K
}

