# JRE version: OpenJDK Runtime Environment (8.0_152-b02) (build 1.8.0_152-release-1024-b02)
# Java VM: OpenJDK 64-Bit Server VM (25.152-b02 mixed mode windows-amd64 compressed oops)
Heap:
 PSYoungGen      total 421376K, used 173824K [0x00000000e0000000, 0x00000000fd980000, 0x0000000100000000)
  eden space 415232K, 40% used [0x00000000e0000000,0x00000000ea3d78b8,0x00000000f9580000)
  from space 6144K, 98% used [0x00000000fb480000,0x00000000fba688d0,0x00000000fba80000)
  to   space 24576K, 0% used [0x00000000fc180000,0x00000000fc180000,0x00000000fd980000)
 ParOldGen       total 203776K, used 89246K [0x00000000a0000000, 0x00000000ac700000, 0x00000000e0000000)
  object space 203776K, 43% used [0x00000000a0000000,0x00000000a5727a88,0x00000000ac700000)
 Metaspace       used 114659K, capacity 124698K, committed 124800K, reserved 1157120K
  class space    used 14443K, capacity 16755K, committed 16768K, reserved 1048576K
GC Heap History (10 events):
Event: 5208.016 GC heap before
{Heap before GC invocations=41 (full 4):
 PSYoungGen      total 494080K, used 481752K [0x00000000e0000000, 0x00000000ffe00000, 0x0000000100000000)
  eden space 465920K, 99% used [0x00000000e0000000,0x00000000fc6aa468,0x00000000fc700000)
  from space 28160K, 57% used [0x00000000fe280000,0x00000000ff24be98,0x00000000ffe00000)
  to   space 28160K, 0% used [0x00000000fc700000,0x00000000fc700000,0x00000000fe280000)
 ParOldGen       total 203776K, used 87785K [0x00000000a0000000, 0x00000000ac700000, 0x00000000e0000000)
  object space 203776K, 43% used [0x00000000a0000000,0x00000000a55ba698,0x00000000ac700000)
 Metaspace       used 114048K, capacity 123638K, committed 123904K, reserved 1157120K
  class space    used 14374K, capacity 16515K, committed 16640K, reserved 1048576K
Event: 5208.095 GC heap after
Heap after GC invocations=41 (full 4):
 PSYoungGen      total 494080K, used 13472K [0x00000000e0000000, 0x00000000ffe00000, 0x0000000100000000)
  eden space 465920K, 0% used [0x00000000e0000000,0x00000000e0000000,0x00000000fc700000)
  from space 28160K, 47% used [0x00000000fc700000,0x00000000fd428300,0x00000000fe280000)
  to   space 27136K, 0% used [0x00000000fe380000,0x00000000fe380000,0x00000000ffe00000)
 ParOldGen       total 203776K, used 88137K [0x00000000a0000000, 0x00000000ac700000, 0x00000000e0000000)
  object space 203776K, 43% used [0x00000000a0000000,0x00000000a56126a8,0x00000000ac700000)
 Metaspace       used 114048K, capacity 123638K, committed 123904K, reserved 1157120K
  class space    used 14374K, capacity 16515K, committed 16640K, reserved 1048576K
}
Event: 5252.982 GC heap before
{Heap before GC invocations=42 (full 4):
 PSYoungGen      total 494080K, used 479392K [0x00000000e0000000, 0x00000000ffe00000, 0x0000000100000000)
  eden space 465920K, 100% used [0x00000000e0000000,0x00000000fc700000,0x00000000fc700000)
  from space 28160K, 47% used [0x00000000fc700000,0x00000000fd428300,0x00000000fe280000)
  to   space 27136K, 0% used [0x00000000fe380000,0x00000000fe380000,0x00000000ffe00000)
 ParOldGen       total 203776K, used 88137K [0x00000000a0000000, 0x00000000ac700000, 0x00000000e0000000)
  object space 203776K, 43% used [0x00000000a0000000,0x00000000a56126a8,0x00000000ac700000)
 Metaspace       used 114156K, capacity 123758K, committed 123904K, reserved 1157120K
  class space    used 14385K, capacity 16555K, committed 16640K, reserved 1048576K
Event: 5253.027 GC heap after
Heap after GC invocations=42 (full 4):
 PSYoungGen      total 494080K, used 11820K [0x00000000e0000000, 0x00000000ffc00000, 0x0000000100000000)
  eden space 468992K, 0% used [0x00000000e0000000,0x00000000e0000000,0x00000000fca00000)
  from space 25088K, 47% used [0x00000000fe380000,0x00000000fef0b188,0x00000000ffc00000)
  to   space 25600K, 0% used [0x00000000fca00000,0x00000000fca00000,0x00000000fe300000)
 ParOldGen       total 203776K, used 88966K [0x00000000a0000000, 0x00000000ac700000, 0x00000000e0000000)
  object space 203776K, 43% used [0x00000000a0000000,0x00000000a56e1a78,0x00000000ac700000)
 Metaspace       used 114156K, capacity 123758K, committed 123904K, reserved 1157120K
  class space    used 14385K, capacity 16555K, committed 16640K, reserved 1048576K
}
Event: 12439.157 GC heap before
{Heap before GC invocations=43 (full 4):
 PSYoungGen      total 494080K, used 480812K [0x00000000e0000000, 0x00000000ffc00000, 0x0000000100000000)
  eden space 468992K, 100% used [0x00000000e0000000,0x00000000fca00000,0x00000000fca00000)
  from space 25088K, 47% used [0x00000000fe380000,0x00000000fef0b188,0x00000000ffc00000)
  to   space 25600K, 0% used [0x00000000fca00000,0x00000000fca00000,0x00000000fe300000)
 ParOldGen       total 203776K, used 88966K [0x00000000a0000000, 0x00000000ac700000, 0x00000000e0000000)
  object space 203776K, 43% used [0x00000000a0000000,0x00000000a56e1a78,0x00000000ac700000)
 Metaspace       used 114290K, capacity 124078K, committed 124160K, reserved 1157120K
  class space    used 14397K, capacity 16595K, committed 16640K, reserved 1048576K
Event: 12439.204 GC heap after
Heap after GC invocations=43 (full 4):
 PSYoungGen      total 465408K, used 15051K [0x00000000e0000000, 0x00000000fe880000, 0x0000000100000000)
  eden space 450048K, 0% used [0x00000000e0000000,0x00000000e0000000,0x00000000fb780000)
  from space 15360K, 97% used [0x00000000fca00000,0x00000000fd8b2c58,0x00000000fd900000)
  to   space 15872K, 0% used [0x00000000fd900000,0x00000000fd900000,0x00000000fe880000)
 ParOldGen       total 203776K, used 89094K [0x00000000a0000000, 0x00000000ac700000, 0x00000000e0000000)
  object space 203776K, 43% used [0x00000000a0000000,0x00000000a5701a88,0x00000000ac700000)
 Metaspace       used 114290K, capacity 124078K, committed 124160K, reserved 1157120K
  class space    used 14397K, capacity 16595K, committed 16640K, reserved 1048576K
}
Event: 12840.933 GC heap before
{Heap before GC invocations=44 (full 4):
 PSYoungGen      total 465408K, used 465099K [0x00000000e0000000, 0x00000000fe880000, 0x0000000100000000)
  eden space 450048K, 100% used [0x00000000e0000000,0x00000000fb780000,0x00000000fb780000)
  from space 15360K, 97% used [0x00000000fca00000,0x00000000fd8b2c58,0x00000000fd900000)
  to   space 15872K, 0% used [0x00000000fd900000,0x00000000fd900000,0x00000000fe880000)
 ParOldGen       total 203776K, used 89094K [0x00000000a0000000, 0x00000000ac700000, 0x00000000e0000000)
  object space 203776K, 43% used [0x00000000a0000000,0x00000000a5701a88,0x00000000ac700000)
 Metaspace       used 114450K, capacity 124322K, committed 124544K, reserved 1157120K
  class space    used 14420K, capacity 16675K, committed 16768K, reserved 1048576K
Event: 12840.970 GC heap after
Heap after GC invocations=44 (full 4):
 PSYoungGen      total 443904K, used 11455K [0x00000000e0000000, 0x00000000fe480000, 0x0000000100000000)
  eden space 432128K, 0% used [0x00000000e0000000,0x00000000e0000000,0x00000000fa600000)
  from space 11776K, 97% used [0x00000000fd900000,0x00000000fe42fc10,0x00000000fe480000)
  to   space 24576K, 0% used [0x00000000fb480000,0x00000000fb480000,0x00000000fcc80000)
 ParOldGen       total 203776K, used 89166K [0x00000000a0000000, 0x00000000ac700000, 0x00000000e0000000)
  object space 203776K, 43% used [0x00000000a0000000,0x00000000a5713a88,0x00000000ac700000)
 Metaspace       used 114450K, capacity 124322K, committed 124544K, reserved 1157120K
  class space    used 14420K, capacity 16675K, committed 16768K, reserved 1048576K
}
Event: 12981.962 GC heap before
{Heap before GC invocations=45 (full 4):
 PSYoungGen      total 443904K, used 443583K [0x00000000e0000000, 0x00000000fe480000, 0x0000000100000000)
  eden space 432128K, 100% used [0x00000000e0000000,0x00000000fa600000,0x00000000fa600000)
  from space 11776K, 97% used [0x00000000fd900000,0x00000000fe42fc10,0x00000000fe480000)
  to   space 24576K, 0% used [0x00000000fb480000,0x00000000fb480000,0x00000000fcc80000)
 ParOldGen       total 203776K, used 89166K [0x00000000a0000000, 0x00000000ac700000, 0x00000000e0000000)
  object space 203776K, 43% used [0x00000000a0000000,0x00000000a5713a88,0x00000000ac700000)
 Metaspace       used 114633K, capacity 124694K, committed 124800K, reserved 1157120K
  class space    used 14443K, capacity 16755K, committed 16768K, reserved 1048576K
Event: 12982.018 GC heap after
Heap after GC invocations=45 (full 4):
 PSYoungGen      total 421376K, used 6050K [0x00000000e0000000, 0x00000000fd980000, 0x0000000100000000)
  eden space 415232K, 0% used [0x00000000e0000000,0x00000000e0000000,0x00000000f9580000)
  from space 6144K, 98% used [0x00000000fb480000,0x00000000fba688d0,0x00000000fba80000)
  to   space 24576K, 0% used [0x00000000fc180000,0x00000000fc180000,0x00000000fd980000)
 ParOldGen       total 203776K, used 89246K [0x00000000a0000000, 0x00000000ac700000, 0x00000000e0000000)
  object space 203776K, 43% used [0x00000000a0000000,0x00000000a5727a88,0x00000000ac700000)
 Metaspace       used 114633K, capacity 124694K, committed 124800K, reserved 1157120K
  class space    used 14443K, capacity 16755K, committed 16768K, reserved 1048576K
}

