# JRE version: OpenJDK Runtime Environment (8.0_152-b02) (build 1.8.0_152-release-1024-b02)
# Java VM: OpenJDK 64-Bit Server VM (25.152-b02 mixed mode windows-amd64 compressed oops)
Heap:
 PSYoungGen      total 468480K, used 275679K [0x00000000e0000000, 0x00000000ffa80000, 0x0000000100000000)
  eden space 423424K, 61% used [0x00000000e0000000,0x00000000efcb93b0,0x00000000f9d80000)
  from space 45056K, 37% used [0x00000000fce80000,0x00000000fdefea50,0x00000000ffa80000)
  to   space 47616K, 0% used [0x00000000f9d80000,0x00000000f9d80000,0x00000000fcc00000)
 ParOldGen       total 221184K, used 116906K [0x00000000a0000000, 0x00000000ad800000, 0x00000000e0000000)
  object space 221184K, 52% used [0x00000000a0000000,0x00000000a722a8f8,0x00000000ad800000)
 Metaspace       used 177512K, capacity 191212K, committed 191448K, reserved 1216512K
  class space    used 22553K, capacity 25274K, committed 25344K, reserved 1048576K
GC Heap History (10 events):
Event: 8684.474 GC heap before
{Heap before GC invocations=41 (full 5):
 PSYoungGen      total 323584K, used 323559K [0x00000000e0000000, 0x00000000fad00000, 0x0000000100000000)
  eden space 288256K, 100% used [0x00000000e0000000,0x00000000f1980000,0x00000000f1980000)
  from space 35328K, 99% used [0x00000000f1980000,0x00000000f3bf9dd8,0x00000000f3c00000)
  to   space 48640K, 0% used [0x00000000f7d80000,0x00000000f7d80000,0x00000000fad00000)
 ParOldGen       total 221184K, used 97317K [0x00000000a0000000, 0x00000000ad800000, 0x00000000e0000000)
  object space 221184K, 43% used [0x00000000a0000000,0x00000000a5f09438,0x00000000ad800000)
 Metaspace       used 165766K, capacity 177740K, committed 177880K, reserved 1204224K
  class space    used 21080K, capacity 23488K, committed 23552K, reserved 1048576K
Event: 8684.573 GC heap after
Heap after GC invocations=41 (full 5):
 PSYoungGen      total 382464K, used 27476K [0x00000000e0000000, 0x00000000fa980000, 0x0000000100000000)
  eden space 337408K, 0% used [0x00000000e0000000,0x00000000e0000000,0x00000000f4980000)
  from space 45056K, 60% used [0x00000000f7d80000,0x00000000f98551e8,0x00000000fa980000)
  to   space 49152K, 0% used [0x00000000f4980000,0x00000000f4980000,0x00000000f7980000)
 ParOldGen       total 221184K, used 97381K [0x00000000a0000000, 0x00000000ad800000, 0x00000000e0000000)
  object space 221184K, 44% used [0x00000000a0000000,0x00000000a5f19438,0x00000000ad800000)
 Metaspace       used 165766K, capacity 177740K, committed 177880K, reserved 1204224K
  class space    used 21080K, capacity 23488K, committed 23552K, reserved 1048576K
}
Event: 8690.723 GC heap before
{Heap before GC invocations=42 (full 5):
 PSYoungGen      total 382464K, used 364430K [0x00000000e0000000, 0x00000000fa980000, 0x0000000100000000)
  eden space 337408K, 99% used [0x00000000e0000000,0x00000000f490e9e0,0x00000000f4980000)
  from space 45056K, 60% used [0x00000000f7d80000,0x00000000f98551e8,0x00000000fa980000)
  to   space 49152K, 0% used [0x00000000f4980000,0x00000000f4980000,0x00000000f7980000)
 ParOldGen       total 221184K, used 97381K [0x00000000a0000000, 0x00000000ad800000, 0x00000000e0000000)
  object space 221184K, 44% used [0x00000000a0000000,0x00000000a5f19438,0x00000000ad800000)
 Metaspace       used 166829K, capacity 178924K, committed 179032K, reserved 1204224K
  class space    used 21217K, capacity 23634K, committed 23680K, reserved 1048576K
Event: 8690.783 GC heap after
Heap after GC invocations=42 (full 5):
 PSYoungGen      total 386560K, used 27291K [0x00000000e0000000, 0x00000000fe180000, 0x0000000100000000)
  eden space 337408K, 0% used [0x00000000e0000000,0x00000000e0000000,0x00000000f4980000)
  from space 49152K, 55% used [0x00000000f4980000,0x00000000f6426d10,0x00000000f7980000)
  to   space 49152K, 0% used [0x00000000fb180000,0x00000000fb180000,0x00000000fe180000)
 ParOldGen       total 221184K, used 97697K [0x00000000a0000000, 0x00000000ad800000, 0x00000000e0000000)
  object space 221184K, 44% used [0x00000000a0000000,0x00000000a5f68468,0x00000000ad800000)
 Metaspace       used 166829K, capacity 178924K, committed 179032K, reserved 1204224K
  class space    used 21217K, capacity 23634K, committed 23680K, reserved 1048576K
}
Event: 8700.997 GC heap before
{Heap before GC invocations=43 (full 5):
 PSYoungGen      total 386560K, used 364699K [0x00000000e0000000, 0x00000000fe180000, 0x0000000100000000)
  eden space 337408K, 100% used [0x00000000e0000000,0x00000000f4980000,0x00000000f4980000)
  from space 49152K, 55% used [0x00000000f4980000,0x00000000f6426d10,0x00000000f7980000)
  to   space 49152K, 0% used [0x00000000fb180000,0x00000000fb180000,0x00000000fe180000)
 ParOldGen       total 221184K, used 97697K [0x00000000a0000000, 0x00000000ad800000, 0x00000000e0000000)
  object space 221184K, 44% used [0x00000000a0000000,0x00000000a5f68468,0x00000000ad800000)
 Metaspace       used 175963K, capacity 188680K, committed 188760K, reserved 1212416K
  class space    used 22375K, capacity 24898K, committed 24960K, reserved 1048576K
Event: 8701.119 GC heap after
Heap after GC invocations=43 (full 5):
 PSYoungGen      total 441856K, used 33050K [0x00000000e0000000, 0x00000000fe600000, 0x0000000100000000)
  eden space 392704K, 0% used [0x00000000e0000000,0x00000000e0000000,0x00000000f7f80000)
  from space 49152K, 67% used [0x00000000fb180000,0x00000000fd1c6b68,0x00000000fe180000)
  to   space 51200K, 0% used [0x00000000f7f80000,0x00000000f7f80000,0x00000000fb180000)
 ParOldGen       total 221184K, used 98931K [0x00000000a0000000, 0x00000000ad800000, 0x00000000e0000000)
  object space 221184K, 44% used [0x00000000a0000000,0x00000000a609ce08,0x00000000ad800000)
 Metaspace       used 175963K, capacity 188680K, committed 188760K, reserved 1212416K
  class space    used 22375K, capacity 24898K, committed 24960K, reserved 1048576K
}
Event: 8963.110 GC heap before
{Heap before GC invocations=44 (full 5):
 PSYoungGen      total 441856K, used 425754K [0x00000000e0000000, 0x00000000fe600000, 0x0000000100000000)
  eden space 392704K, 100% used [0x00000000e0000000,0x00000000f7f80000,0x00000000f7f80000)
  from space 49152K, 67% used [0x00000000fb180000,0x00000000fd1c6b68,0x00000000fe180000)
  to   space 51200K, 0% used [0x00000000f7f80000,0x00000000f7f80000,0x00000000fb180000)
 ParOldGen       total 221184K, used 98931K [0x00000000a0000000, 0x00000000ad800000, 0x00000000e0000000)
  object space 221184K, 44% used [0x00000000a0000000,0x00000000a609ce08,0x00000000ad800000)
 Metaspace       used 176756K, capacity 189946K, committed 190168K, reserved 1214464K
  class space    used 22457K, capacity 25071K, committed 25088K, reserved 1048576K
Event: 8963.515 GC heap after
Heap after GC invocations=44 (full 5):
 PSYoungGen      total 443904K, used 11468K [0x00000000e0000000, 0x00000000fff00000, 0x0000000100000000)
  eden space 392704K, 0% used [0x00000000e0000000,0x00000000e0000000,0x00000000f7f80000)
  from space 51200K, 22% used [0x00000000f7f80000,0x00000000f8ab3320,0x00000000fb180000)
  to   space 49664K, 0% used [0x00000000fce80000,0x00000000fce80000,0x00000000fff00000)
 ParOldGen       total 221184K, used 115446K [0x00000000a0000000, 0x00000000ad800000, 0x00000000e0000000)
  object space 221184K, 52% used [0x00000000a0000000,0x00000000a70bd888,0x00000000ad800000)
 Metaspace       used 176756K, capacity 189946K, committed 190168K, reserved 1214464K
  class space    used 22457K, capacity 25071K, committed 25088K, reserved 1048576K
}
Event: 9980.549 GC heap before
{Heap before GC invocations=45 (full 5):
 PSYoungGen      total 443904K, used 404172K [0x00000000e0000000, 0x00000000fff00000, 0x0000000100000000)
  eden space 392704K, 100% used [0x00000000e0000000,0x00000000f7f80000,0x00000000f7f80000)
  from space 51200K, 22% used [0x00000000f7f80000,0x00000000f8ab3320,0x00000000fb180000)
  to   space 49664K, 0% used [0x00000000fce80000,0x00000000fce80000,0x00000000fff00000)
 ParOldGen       total 221184K, used 115446K [0x00000000a0000000, 0x00000000ad800000, 0x00000000e0000000)
  object space 221184K, 52% used [0x00000000a0000000,0x00000000a70bd888,0x00000000ad800000)
 Metaspace       used 177157K, capacity 190718K, committed 190808K, reserved 1214464K
  class space    used 22508K, capacity 25205K, committed 25216K, reserved 1048576K
Event: 9980.634 GC heap after
Heap after GC invocations=45 (full 5):
 PSYoungGen      total 468480K, used 16890K [0x00000000e0000000, 0x00000000ffa80000, 0x0000000100000000)
  eden space 423424K, 0% used [0x00000000e0000000,0x00000000e0000000,0x00000000f9d80000)
  from space 45056K, 37% used [0x00000000fce80000,0x00000000fdefea50,0x00000000ffa80000)
  to   space 47616K, 0% used [0x00000000f9d80000,0x00000000f9d80000,0x00000000fcc00000)
 ParOldGen       total 221184K, used 116906K [0x00000000a0000000, 0x00000000ad800000, 0x00000000e0000000)
  object space 221184K, 52% used [0x00000000a0000000,0x00000000a722a8f8,0x00000000ad800000)
 Metaspace       used 177157K, capacity 190718K, committed 190808K, reserved 1214464K
  class space    used 22508K, capacity 25205K, committed 25216K, reserved 1048576K
}

